<?xml version="1.0" encoding="UTF-8"?>
<robot generator="Robot 6.1.1 (Python 3.11.2 on darwin)" generated="20231215 09:48:30.691" rpa="false" schemaversion="4">
<suite id="s1" name="API" source="/Users/darya_shalukho/PycharmProjects/Pytest.Selenium/pytest-selenium/API.robot">
<test id="s1-t1" name="Verify User Endpoint" line="13">
<kw name="GET" library="RequestsLibrary">
<var>${response}</var>
<arg>${BASE_URL}${USER_ENDPOINT}</arg>
<doc>Sends a GET request.</doc>
<msg timestamp="20231215 09:48:30.928" level="INFO">GET Request : url=https://jsonplaceholder.typicode.com/users/1 
 path_url=/users/1 
 headers={'User-Agent': 'python-requests/2.31.0', 'Accept-Encoding': 'gzip, deflate', 'Accept': '*/*', 'Connection': 'keep-alive'} 
 body=None 
 </msg>
<msg timestamp="20231215 09:48:30.928" level="INFO">GET Response : url=https://jsonplaceholder.typicode.com/users/1 
 status=200, reason=OK 
 headers={'Date': 'Fri, 15 Dec 2023 08:48:31 GMT', 'Content-Type': 'application/json; charset=utf-8', 'Transfer-Encoding': 'chunked', 'Connection': 'keep-alive', 'Report-To': '{"group":"heroku-nel","max_age":3600,"endpoints":[{"url":"https://nel.heroku.com/reports?ts=1702511543&amp;sid=e11707d5-02a7-43ef-b45e-2cf4d2036f7d&amp;s=WUjutsya%2FcRCx%2FTJe%2FmwlX0UAi3B%2FmEj0Nq%2BMTVXitc%3D"}]}', 'Reporting-Endpoints': 'heroku-nel=https://nel.heroku.com/reports?ts=1702511543&amp;sid=e11707d5-02a7-43ef-b45e-2cf4d2036f7d&amp;s=WUjutsya%2FcRCx%2FTJe%2FmwlX0UAi3B%2FmEj0Nq%2BMTVXitc%3D', 'Nel': '{"report_to":"heroku-nel","max_age":3600,"success_fraction":0.005,"failure_fraction":0.05,"response_headers":["Via"]}', 'X-Powered-By': 'Express', 'X-Ratelimit-Limit': '1000', 'X-Ratelimit-Remaining': '999', 'X-Ratelimit-Reset': '1702511596', 'Vary': 'Origin, Accept-Encoding', 'Access-Control-Allow-Credentials': 'true', 'Cache-Control': 'max-age=43200', 'Pragma': 'no-cache', 'Expires': '-1', 'X-Content-Type-Options': 'nosniff', 'Etag': 'W/"1fd-+2Y3G3w049iSZtw5t1mzSnunngE"', 'Via': '1.1 vegur', 'CF-Cache-Status': 'HIT', 'Age': '1265', 'Server': 'cloudflare', 'CF-RAY': '835d6d91baa634c1-WAW', 'Content-Encoding': 'gzip', 'alt-svc': 'h3=":443"; ma=86400'} 
 body={
  "id": 1,
  "name": "Leanne Graham",
  "username": "Bret",
  "email": "Sincere@april.biz",
  "address": {
    "street": "Kulas Light",
    "suite": "Apt. 556",
    "city": "Gwenborough",
    "zipcode": "92998-3874",
    "geo": {
      "lat": "-37.3159",
      "lng": "81.1496"
    }
  },
  "phone": "1-770-736-8031 x56442",
  "website": "hildegard.org",
  "company": {
    "name": "Romaguera-Crona",
    "catchPhrase": "Multi-layered client-server neural-net",
    "bs": "harness real-time e-markets"
  }
} 
 </msg>
<msg timestamp="20231215 09:48:30.928" level="INFO">${response} = &lt;Response [200]&gt;</msg>
<status status="PASS" starttime="20231215 09:48:30.802" endtime="20231215 09:48:30.928"/>
</kw>
<kw name="Should Be Equal As Numbers" library="BuiltIn">
<arg>${response.status_code}</arg>
<arg>200</arg>
<doc>Fails if objects are unequal after converting them to real numbers.</doc>
<msg timestamp="20231215 09:48:30.929" level="INFO">Argument types are:
&lt;class 'int'&gt;
&lt;class 'str'&gt;</msg>
<status status="PASS" starttime="20231215 09:48:30.929" endtime="20231215 09:48:30.929"/>
</kw>
<kw name="Should Contain" library="BuiltIn">
<arg>${response.headers['Content-Type']}</arg>
<arg>application/json</arg>
<doc>Fails if ``container`` does not contain ``item`` one or more times.</doc>
<status status="PASS" starttime="20231215 09:48:30.929" endtime="20231215 09:48:30.930"/>
</kw>
<kw name="Evaluate" library="BuiltIn">
<var>${user_data}</var>
<arg>json.loads('''${response.content}''')</arg>
<arg>modules=json</arg>
<doc>Evaluates the given expression in Python and returns the result.</doc>
<msg timestamp="20231215 09:48:30.930" level="INFO">${user_data} = {'id': 1, 'name': 'Leanne Graham', 'username': 'Bret', 'email': 'Sincere@april.biz', 'address': {'street': 'Kulas Light', 'suite': 'Apt. 556', 'city': 'Gwenborough', 'zipcode': '92998-3874', 'geo': {'...</msg>
<status status="PASS" starttime="20231215 09:48:30.930" endtime="20231215 09:48:30.930"/>
</kw>
<kw name="Should Be Equal As Numbers" library="BuiltIn">
<arg>${user_data['id']}</arg>
<arg>1</arg>
<doc>Fails if objects are unequal after converting them to real numbers.</doc>
<msg timestamp="20231215 09:48:30.931" level="INFO">Argument types are:
&lt;class 'int'&gt;
&lt;class 'str'&gt;</msg>
<status status="PASS" starttime="20231215 09:48:30.930" endtime="20231215 09:48:30.931"/>
</kw>
<kw name="Should Be Equal As Strings" library="BuiltIn">
<arg>${user_data['name']}</arg>
<arg>Leanne Graham</arg>
<doc>Fails if objects are unequal after converting them to strings.</doc>
<status status="PASS" starttime="20231215 09:48:30.931" endtime="20231215 09:48:30.931"/>
</kw>
<doc>Perform a GET request to the user endpoint and validate the response</doc>
<status status="PASS" starttime="20231215 09:48:30.801" endtime="20231215 09:48:30.931"/>
</test>
<test id="s1-t2" name="Verify Posts Endpoint" line="22">
<kw name="GET" library="RequestsLibrary">
<var>${response}</var>
<arg>${BASE_URL}${POSTS_ENDPOINT}</arg>
<doc>Sends a GET request.</doc>
<msg timestamp="20231215 09:48:30.997" level="INFO">GET Request : url=https://jsonplaceholder.typicode.com/posts/1 
 path_url=/posts/1 
 headers={'User-Agent': 'python-requests/2.31.0', 'Accept-Encoding': 'gzip, deflate', 'Accept': '*/*', 'Connection': 'keep-alive'} 
 body=None 
 </msg>
<msg timestamp="20231215 09:48:30.997" level="INFO">GET Response : url=https://jsonplaceholder.typicode.com/posts/1 
 status=200, reason=OK 
 headers={'Date': 'Fri, 15 Dec 2023 08:48:31 GMT', 'Content-Type': 'application/json; charset=utf-8', 'Transfer-Encoding': 'chunked', 'Connection': 'keep-alive', 'X-Powered-By': 'Express', 'X-Ratelimit-Limit': '1000', 'X-Ratelimit-Remaining': '999', 'X-Ratelimit-Reset': '1699595930', 'Vary': 'Origin, Accept-Encoding', 'Access-Control-Allow-Credentials': 'true', 'Cache-Control': 'max-age=43200', 'Pragma': 'no-cache', 'Expires': '-1', 'X-Content-Type-Options': 'nosniff', 'Etag': 'W/"124-yiKdLzqO5gfBrJFrcdJ8Yq0LGnU"', 'Via': '1.1 vegur', 'CF-Cache-Status': 'HIT', 'Age': '9854', 'Report-To': '{"endpoints":[{"url":"https:\\/\\/a.nel.cloudflare.com\\/report\\/v3?s=RMRoeA%2F1SbvSyjBrw%2Bx5F8eT1qnVUbFUDF82j915OQLqz8%2BpLMGDwsCYHiIF8mVbFaOCw6yCay8grovNRemendJJlUdaufRpTGs%2B%2FrsTfoIV36tV0Q1SLEpGOzNaz8dRB2G9aKL0zd2gv32XIwzy"}],"group":"cf-nel","max_age":604800}', 'NEL': '{"success_fraction":0,"report_to":"cf-nel","max_age":604800}', 'Server': 'cloudflare', 'CF-RAY': '835d6d922f4a0043-WAW', 'Content-Encoding': 'gzip', 'alt-svc': 'h3=":443"; ma=86400'} 
 body={
  "userId": 1,
  "id": 1,
  "title": "sunt aut facere repellat provident occaecati excepturi optio reprehenderit",
  "body": "quia et suscipit\nsuscipit recusandae consequuntur expedita et cum\nreprehenderit molestiae ut ut quas totam\nnostrum rerum est autem sunt rem eveniet architecto"
} 
 </msg>
<msg timestamp="20231215 09:48:30.997" level="INFO">${response} = &lt;Response [200]&gt;</msg>
<status status="PASS" starttime="20231215 09:48:30.931" endtime="20231215 09:48:30.997"/>
</kw>
<kw name="Should Be Equal As Numbers" library="BuiltIn">
<arg>${response.status_code}</arg>
<arg>200</arg>
<doc>Fails if objects are unequal after converting them to real numbers.</doc>
<msg timestamp="20231215 09:48:30.997" level="INFO">Argument types are:
&lt;class 'int'&gt;
&lt;class 'str'&gt;</msg>
<status status="PASS" starttime="20231215 09:48:30.997" endtime="20231215 09:48:30.998"/>
</kw>
<kw name="Should Contain" library="BuiltIn">
<arg>${response.headers['Content-Type']}</arg>
<arg>application/json</arg>
<doc>Fails if ``container`` does not contain ``item`` one or more times.</doc>
<status status="PASS" starttime="20231215 09:48:30.998" endtime="20231215 09:48:30.998"/>
</kw>
<doc>Perform a GET request to the posts endpoint and validate the response</doc>
<status status="PASS" starttime="20231215 09:48:30.931" endtime="20231215 09:48:30.998"/>
</test>
<test id="s1-t3" name="Verify Comments Endpoint" line="29">
<kw name="GET" library="RequestsLibrary">
<var>${response}</var>
<arg>${BASE_URL}${COMMENTS_ENDPOINT}</arg>
<doc>Sends a GET request.</doc>
<msg timestamp="20231215 09:48:31.067" level="INFO">GET Request : url=https://jsonplaceholder.typicode.com/comments/1 
 path_url=/comments/1 
 headers={'User-Agent': 'python-requests/2.31.0', 'Accept-Encoding': 'gzip, deflate', 'Accept': '*/*', 'Connection': 'keep-alive'} 
 body=None 
 </msg>
<msg timestamp="20231215 09:48:31.067" level="INFO">GET Response : url=https://jsonplaceholder.typicode.com/comments/1 
 status=200, reason=OK 
 headers={'Date': 'Fri, 15 Dec 2023 08:48:31 GMT', 'Content-Type': 'application/json; charset=utf-8', 'Transfer-Encoding': 'chunked', 'Connection': 'keep-alive', 'Report-To': '{"group":"heroku-nel","max_age":3600,"endpoints":[{"url":"https://nel.heroku.com/reports?ts=1700847154&amp;sid=e11707d5-02a7-43ef-b45e-2cf4d2036f7d&amp;s=Kvt%2BICXJp0m0OTTO1EwQKUdN0DY2MTgzXeLGEKZe2k8%3D"}]}', 'Reporting-Endpoints': 'heroku-nel=https://nel.heroku.com/reports?ts=1700847154&amp;sid=e11707d5-02a7-43ef-b45e-2cf4d2036f7d&amp;s=Kvt%2BICXJp0m0OTTO1EwQKUdN0DY2MTgzXeLGEKZe2k8%3D', 'Nel': '{"report_to":"heroku-nel","max_age":3600,"success_fraction":0.005,"failure_fraction":0.05,"response_headers":["Via"]}', 'X-Powered-By': 'Express', 'X-Ratelimit-Limit': '1000', 'X-Ratelimit-Remaining': '999', 'X-Ratelimit-Reset': '1700847170', 'Vary': 'Origin, Accept-Encoding', 'Access-Control-Allow-Credentials': 'true', 'Cache-Control': 'max-age=43200', 'Pragma': 'no-cache', 'Expires': '-1', 'X-Content-Type-Options': 'nosniff', 'Etag': 'W/"10c-KJ4I9RM/+33TKdV8CFsIvqsDSP0"', 'Via': '1.1 vegur', 'CF-Cache-Status': 'HIT', 'Age': '23', 'Server': 'cloudflare', 'CF-RAY': '835d6d929876bf5b-WAW', 'Content-Encoding': 'gzip', 'alt-svc': 'h3=":443"; ma=86400'} 
 body={
  "postId": 1,
  "id": 1,
  "name": "id labore ex et quam laborum",
  "email": "Eliseo@gardner.biz",
  "body": "laudantium enim quasi est quidem magnam voluptate ipsam eos\ntempora quo necessitatibus\ndolor quam autem quasi\nreiciendis et nam sapiente accusantium"
} 
 </msg>
<msg timestamp="20231215 09:48:31.067" level="INFO">${response} = &lt;Response [200]&gt;</msg>
<status status="PASS" starttime="20231215 09:48:30.998" endtime="20231215 09:48:31.067"/>
</kw>
<kw name="Should Be Equal As Numbers" library="BuiltIn">
<arg>${response.status_code}</arg>
<arg>200</arg>
<doc>Fails if objects are unequal after converting them to real numbers.</doc>
<msg timestamp="20231215 09:48:31.068" level="INFO">Argument types are:
&lt;class 'int'&gt;
&lt;class 'str'&gt;</msg>
<status status="PASS" starttime="20231215 09:48:31.067" endtime="20231215 09:48:31.068"/>
</kw>
<kw name="Should Contain" library="BuiltIn">
<arg>${response.headers['Content-Type']}</arg>
<arg>application/json</arg>
<doc>Fails if ``container`` does not contain ``item`` one or more times.</doc>
<status status="PASS" starttime="20231215 09:48:31.068" endtime="20231215 09:48:31.068"/>
</kw>
<doc>Perform a GET request to the comments endpoint and validate the response</doc>
<status status="PASS" starttime="20231215 09:48:30.998" endtime="20231215 09:48:31.068"/>
</test>
<status status="PASS" starttime="20231215 09:48:30.692" endtime="20231215 09:48:31.069"/>
</suite>
<statistics>
<total>
<stat pass="3" fail="0" skip="0">All Tests</stat>
</total>
<tag>
</tag>
<suite>
<stat pass="3" fail="0" skip="0" id="s1" name="API">API</stat>
</suite>
</statistics>
<errors>
</errors>
</robot>
